{"contracts/Factory.sol":{"l":{"18":2,"19":2,"20":2,"21":2,"22":2,"26":1},"path":"/Users/kasoqian/Desktop/temp/DimensionX-3525-application-fork/contracts/Factory.sol","s":{"1":2,"2":2,"3":2,"4":2},"b":{"1":[1,0]},"f":{"1":2,"2":1},"fnMap":{"1":{"name":"newDimensionX","line":11,"loc":{"start":{"line":11,"column":4},"end":{"line":23,"column":4}}},"2":{"name":"setPlatform","line":25,"loc":{"start":{"line":25,"column":4},"end":{"line":27,"column":4}}}},"statementMap":{"1":{"start":{"line":18,"column":8},"end":{"line":18,"column":49}},"2":{"start":{"line":19,"column":8},"end":{"line":19,"column":84}},"3":{"start":{"line":20,"column":8},"end":{"line":20,"column":43}},"4":{"start":{"line":22,"column":8},"end":{"line":22,"column":19}}},"branchMap":{"1":{"line":25,"type":"if","locations":[{"start":{"line":25,"column":53},"end":{"line":25,"column":53}},{"start":{"line":25,"column":53},"end":{"line":25,"column":53}}]}}},"contracts/Main.sol":{"l":{"27":21,"28":21,"29":21,"30":21,"31":21,"35":60,"36":59,"37":59,"41":2,"42":1,"46":21,"48":21,"50":19,"51":19,"52":19,"54":19,"55":19,"56":19,"58":19,"62":19,"64":19,"68":35,"69":35,"70":6,"72":6,"73":6,"75":6,"76":6,"78":6,"79":6,"83":16,"85":16,"86":16,"88":16,"90":15,"91":23,"93":23,"94":23,"95":23,"97":23,"100":15,"104":11,"105":11,"116":64,"117":16},"path":"/Users/kasoqian/Desktop/temp/DimensionX-3525-application-fork/contracts/Main.sol","s":{"1":21,"2":21,"3":21,"4":21,"5":21,"6":60,"7":59,"8":2,"9":21,"10":21,"11":19,"12":19,"13":19,"14":19,"15":19,"16":19,"17":19,"18":19,"19":35,"20":35,"21":29,"22":6,"23":6,"24":6,"25":6,"26":6,"27":16,"28":16,"29":16,"30":16,"31":15,"32":23,"33":23,"34":23,"35":23,"36":15,"37":11,"38":11,"39":64,"40":48,"41":16},"b":{"1":[21,1],"2":[60,1],"3":[59,1],"4":[2,1],"5":[1,1],"6":[19,2],"7":[8,11],"8":[29,6],"9":[6,0],"10":[15,1],"11":[11,0],"12":[48,16]},"f":{"1":21,"2":60,"3":2,"4":21,"5":35,"6":16,"7":11,"8":64},"fnMap":{"1":{"name":"init","line":26,"loc":{"start":{"line":19,"column":4},"end":{"line":32,"column":4}}},"2":{"name":"addSlotWhite","line":34,"loc":{"start":{"line":34,"column":4},"end":{"line":38,"column":4}}},"3":{"name":"removeSlotWhite","line":40,"loc":{"start":{"line":40,"column":4},"end":{"line":43,"column":4}}},"4":{"name":"composeOrSplitToken","line":45,"loc":{"start":{"line":45,"column":4},"end":{"line":65,"column":4}}},"5":{"name":"_updateReward","line":67,"loc":{"start":{"line":67,"column":4},"end":{"line":80,"column":4}}},"6":{"name":"_getRewardTokensAndShare","line":82,"loc":{"start":{"line":82,"column":4},"end":{"line":101,"column":4}}},"7":{"name":"_burnSlotValue","line":103,"loc":{"start":{"line":103,"column":4},"end":{"line":106,"column":4}}},"8":{"name":"_afterValueTransfer","line":108,"loc":{"start":{"line":108,"column":4},"end":{"line":118,"column":4}}}},"statementMap":{"1":{"start":{"line":27,"column":8},"end":{"line":27,"column":28}},"2":{"start":{"line":28,"column":8},"end":{"line":28,"column":52}},"3":{"start":{"line":29,"column":8},"end":{"line":29,"column":48}},"4":{"start":{"line":30,"column":8},"end":{"line":30,"column":57}},"5":{"start":{"line":31,"column":8},"end":{"line":31,"column":28}},"6":{"start":{"line":35,"column":8},"end":{"line":35,"column":46}},"7":{"start":{"line":37,"column":8},"end":{"line":37,"column":20}},"8":{"start":{"line":41,"column":8},"end":{"line":41,"column":53}},"9":{"start":{"line":46,"column":8},"end":{"line":46,"column":49}},"10":{"start":{"line":48,"column":8},"end":{"line":48,"column":68}},"11":{"start":{"line":50,"column":8},"end":{"line":50,"column":42}},"12":{"start":{"line":51,"column":8},"end":{"line":51,"column":60}},"13":{"start":{"line":52,"column":8},"end":{"line":52,"column":60}},"14":{"start":{"line":54,"column":8},"end":{"line":54,"column":45}},"15":{"start":{"line":55,"column":8},"end":{"line":55,"column":61}},"16":{"start":{"line":56,"column":8},"end":{"line":56,"column":28}},"17":{"start":{"line":62,"column":8},"end":{"line":62,"column":67}},"18":{"start":{"line":64,"column":8},"end":{"line":64,"column":25}},"19":{"start":{"line":68,"column":8},"end":{"line":68,"column":56}},"20":{"start":{"line":69,"column":8},"end":{"line":69,"column":33}},"21":{"start":{"line":69,"column":27},"end":{"line":69,"column":33}},"22":{"start":{"line":70,"column":8},"end":{"line":70,"column":21}},"23":{"start":{"line":72,"column":8},"end":{"line":72,"column":80}},"24":{"start":{"line":73,"column":8},"end":{"line":73,"column":41}},"25":{"start":{"line":78,"column":8},"end":{"line":78,"column":46}},"26":{"start":{"line":79,"column":8},"end":{"line":79,"column":44}},"27":{"start":{"line":83,"column":8},"end":{"line":83,"column":61}},"28":{"start":{"line":85,"column":8},"end":{"line":85,"column":53}},"29":{"start":{"line":86,"column":8},"end":{"line":86,"column":56}},"30":{"start":{"line":88,"column":8},"end":{"line":88,"column":59}},"31":{"start":{"line":90,"column":8},"end":{"line":90,"column":2982}},"32":{"start":{"line":91,"column":12},"end":{"line":91,"column":36}},"33":{"start":{"line":93,"column":12},"end":{"line":93,"column":49}},"34":{"start":{"line":94,"column":12},"end":{"line":94,"column":50}},"35":{"start":{"line":95,"column":12},"end":{"line":95,"column":44}},"36":{"start":{"line":100,"column":8},"end":{"line":100,"column":31}},"37":{"start":{"line":104,"column":8},"end":{"line":104,"column":109}},"38":{"start":{"line":105,"column":8},"end":{"line":105,"column":58}},"39":{"start":{"line":116,"column":8},"end":{"line":116,"column":37}},"40":{"start":{"line":116,"column":31},"end":{"line":116,"column":37}},"41":{"start":{"line":117,"column":8},"end":{"line":117,"column":54}}},"branchMap":{"1":{"line":26,"type":"if","locations":[{"start":{"line":26,"column":15},"end":{"line":26,"column":15}},{"start":{"line":26,"column":15},"end":{"line":26,"column":15}}]},"2":{"line":34,"type":"if","locations":[{"start":{"line":34,"column":47},"end":{"line":34,"column":47}},{"start":{"line":34,"column":47},"end":{"line":34,"column":47}}]},"3":{"line":35,"type":"if","locations":[{"start":{"line":35,"column":8},"end":{"line":35,"column":8}},{"start":{"line":35,"column":8},"end":{"line":35,"column":8}}]},"4":{"line":40,"type":"if","locations":[{"start":{"line":40,"column":53},"end":{"line":40,"column":53}},{"start":{"line":40,"column":53},"end":{"line":40,"column":53}}]},"5":{"line":41,"type":"if","locations":[{"start":{"line":41,"column":8},"end":{"line":41,"column":8}},{"start":{"line":41,"column":8},"end":{"line":41,"column":8}}]},"6":{"line":48,"type":"if","locations":[{"start":{"line":48,"column":8},"end":{"line":48,"column":8}},{"start":{"line":48,"column":8},"end":{"line":48,"column":8}}]},"7":{"line":59,"type":"if","locations":[{"start":{"line":59,"column":14},"end":{"line":59,"column":32}},{"start":{"line":60,"column":14},"end":{"line":60,"column":62}}]},"8":{"line":69,"type":"if","locations":[{"start":{"line":69,"column":8},"end":{"line":69,"column":8}},{"start":{"line":69,"column":8},"end":{"line":69,"column":8}}]},"9":{"line":72,"type":"if","locations":[{"start":{"line":72,"column":48},"end":{"line":72,"column":75}},{"start":{"line":72,"column":79},"end":{"line":72,"column":79}}]},"10":{"line":88,"type":"if","locations":[{"start":{"line":88,"column":8},"end":{"line":88,"column":8}},{"start":{"line":88,"column":8},"end":{"line":88,"column":8}}]},"11":{"line":104,"type":"if","locations":[{"start":{"line":104,"column":8},"end":{"line":104,"column":8}},{"start":{"line":104,"column":8},"end":{"line":104,"column":8}}]},"12":{"line":116,"type":"if","locations":[{"start":{"line":116,"column":8},"end":{"line":116,"column":8}},{"start":{"line":116,"column":8},"end":{"line":116,"column":8}}]}}},"contracts/Platform/IPlatform.sol":{"l":{},"path":"/Users/kasoqian/Desktop/temp/DimensionX-3525-application-fork/contracts/Platform/IPlatform.sol","s":{},"b":{},"f":{},"fnMap":{},"statementMap":{},"branchMap":{}},"contracts/Platform/Platform.sol":{"l":{"12":69,"13":69,"14":69,"18":1,"19":1,"23":2,"24":2,"28":1,"29":1,"34":2,"35":1,"36":1,"40":10,"41":6},"path":"/Users/kasoqian/Desktop/temp/DimensionX-3525-application-fork/contracts/Platform/Platform.sol","s":{"1":1,"2":2,"3":1,"4":2,"5":1,"6":1,"7":10},"b":{"1":[1,1],"2":[2,1],"3":[1,1],"4":[2,1],"5":[1,1],"6":[1,0],"7":[6,4]},"f":{"1":69,"2":1,"3":2,"4":1,"5":2,"6":10},"fnMap":{"1":{"name":"constructor","line":11,"loc":{"start":{"line":11,"column":4},"end":{"line":15,"column":4}}},"2":{"name":"setOwner","line":17,"loc":{"start":{"line":17,"column":4},"end":{"line":20,"column":4}}},"3":{"name":"setReceiver","line":22,"loc":{"start":{"line":22,"column":4},"end":{"line":25,"column":4}}},"4":{"name":"changeManageFee","line":27,"loc":{"start":{"line":27,"column":4},"end":{"line":30,"column":4}}},"5":{"name":"withdrew","line":33,"loc":{"start":{"line":33,"column":4},"end":{"line":37,"column":4}}},"6":{"name":"onlyOwner","line":39,"loc":{"start":{"line":39,"column":4},"end":{"line":42,"column":4}}}},"statementMap":{"1":{"start":{"line":18,"column":8},"end":{"line":18,"column":44}},"2":{"start":{"line":23,"column":8},"end":{"line":23,"column":49}},"3":{"start":{"line":28,"column":8},"end":{"line":28,"column":52}},"4":{"start":{"line":34,"column":8},"end":{"line":34,"column":66}},"5":{"start":{"line":35,"column":8},"end":{"line":35,"column":63}},"6":{"start":{"line":36,"column":8},"end":{"line":36,"column":45}},"7":{"start":{"line":40,"column":8},"end":{"line":40,"column":52}}},"branchMap":{"1":{"line":17,"type":"if","locations":[{"start":{"line":17,"column":56},"end":{"line":17,"column":56}},{"start":{"line":17,"column":56},"end":{"line":17,"column":56}}]},"2":{"line":22,"type":"if","locations":[{"start":{"line":22,"column":62},"end":{"line":22,"column":62}},{"start":{"line":22,"column":62},"end":{"line":22,"column":62}}]},"3":{"line":27,"type":"if","locations":[{"start":{"line":27,"column":64},"end":{"line":27,"column":64}},{"start":{"line":27,"column":64},"end":{"line":27,"column":64}}]},"4":{"line":33,"type":"if","locations":[{"start":{"line":33,"column":73},"end":{"line":33,"column":73}},{"start":{"line":33,"column":73},"end":{"line":33,"column":73}}]},"5":{"line":34,"type":"if","locations":[{"start":{"line":34,"column":8},"end":{"line":34,"column":8}},{"start":{"line":34,"column":8},"end":{"line":34,"column":8}}]},"6":{"line":36,"type":"if","locations":[{"start":{"line":36,"column":8},"end":{"line":36,"column":8}},{"start":{"line":36,"column":8},"end":{"line":36,"column":8}}]},"7":{"line":40,"type":"if","locations":[{"start":{"line":40,"column":8},"end":{"line":40,"column":8}},{"start":{"line":40,"column":8},"end":{"line":40,"column":8}}]}}},"contracts/test/Attack.sol":{"l":{"15":1,"19":3,"20":3,"25":2,"26":2},"path":"/Users/kasoqian/Desktop/temp/DimensionX-3525-application-fork/contracts/test/Attack.sol","s":{"1":3,"2":2,"3":2},"b":{"1":[2,0]},"f":{"1":1,"2":3,"3":2},"fnMap":{"1":{"name":"init","line":14,"loc":{"start":{"line":14,"column":4},"end":{"line":16,"column":4}}},"2":{"name":"attack","line":18,"loc":{"start":{"line":18,"column":4},"end":{"line":21,"column":4}}},"3":{"name":null,"line":23,"loc":{"start":{"line":23,"column":4},"end":{"line":28,"column":4}}}},"statementMap":{"1":{"start":{"line":20,"column":8},"end":{"line":20,"column":32}},"2":{"start":{"line":25,"column":8},"end":{"line":25,"column":478}},"3":{"start":{"line":26,"column":12},"end":{"line":26,"column":19}}},"branchMap":{"1":{"line":25,"type":"if","locations":[{"start":{"line":25,"column":8},"end":{"line":25,"column":8}},{"start":{"line":25,"column":8},"end":{"line":25,"column":8}}]}}},"contracts/utils/InitLock.sol":{"l":{"10":22,"11":21,"12":21,"13":21},"path":"/Users/kasoqian/Desktop/temp/DimensionX-3525-application-fork/contracts/utils/InitLock.sol","s":{"1":22,"2":21},"b":{"1":[21,1]},"f":{"1":22},"fnMap":{"1":{"name":"_initLock_","line":9,"loc":{"start":{"line":9,"column":4},"end":{"line":14,"column":4}}}},"statementMap":{"1":{"start":{"line":10,"column":8},"end":{"line":10,"column":51}},"2":{"start":{"line":13,"column":8},"end":{"line":13,"column":57}}},"branchMap":{"1":{"line":10,"type":"if","locations":[{"start":{"line":10,"column":8},"end":{"line":10,"column":8}},{"start":{"line":10,"column":8},"end":{"line":10,"column":8}}]}}},"contracts/Vault/Vault.sol":{"l":{"34":21,"35":21,"36":21,"37":21,"45":16,"46":16,"47":15,"48":15,"49":15,"50":15,"52":14,"53":14,"54":14,"56":14,"57":14,"58":14,"60":14,"61":14,"62":14,"64":14,"69":16,"73":16,"75":15,"77":15,"78":23,"79":23,"80":23,"82":23,"83":23,"86":15,"90":23,"91":23,"93":23,"102":23,"106":58,"110":12,"115":23,"120":45,"124":18,"125":16,"126":16,"127":13},"path":"/Users/kasoqian/Desktop/temp/DimensionX-3525-application-fork/contracts/Vault/Vault.sol","s":{"1":21,"2":21,"3":16,"4":16,"5":15,"6":15,"7":15,"8":15,"9":14,"10":14,"11":14,"12":14,"13":14,"14":14,"15":14,"16":16,"17":16,"18":15,"19":15,"20":23,"21":23,"22":23,"23":23,"24":15,"25":23,"26":23,"27":23,"28":58,"29":23,"30":18},"b":{"1":[16,2],"2":[14,1],"3":[13,1],"4":[16,2]},"f":{"1":21,"2":16,"3":16,"4":16,"5":23,"6":0,"7":23,"8":58,"9":12,"10":23,"11":18},"fnMap":{"1":{"name":"_initVault","line":33,"loc":{"start":{"line":33,"column":4},"end":{"line":38,"column":4}}},"2":{"name":"userWithdrew","line":44,"loc":{"start":{"line":44,"column":4},"end":{"line":65,"column":4}}},"3":{"name":"userCouldRewardTotal","line":68,"loc":{"start":{"line":68,"column":4},"end":{"line":70,"column":4}}},"4":{"name":"_calTokensReward","line":72,"loc":{"start":{"line":72,"column":4},"end":{"line":87,"column":4}}},"5":{"name":"_calTokenReward","line":89,"loc":{"start":{"line":89,"column":4},"end":{"line":94,"column":4}}},"6":{"name":"_getRewardTokensAndShare","line":97,"loc":{"start":{"line":97,"column":4},"end":{"line":99,"column":78}}},"7":{"name":"_setHasTokenReward","line":101,"loc":{"start":{"line":101,"column":4},"end":{"line":103,"column":4}}},"8":{"name":"_getTokenHasReward","line":105,"loc":{"start":{"line":105,"column":4},"end":{"line":107,"column":4}}},"9":{"name":"_setTokenReward","line":109,"loc":{"start":{"line":109,"column":4},"end":{"line":111,"column":4}}},"10":{"name":"_contractBalance","line":114,"loc":{"start":{"line":114,"column":4},"end":{"line":116,"column":4}}},"11":{"name":"lock","line":123,"loc":{"start":{"line":123,"column":4},"end":{"line":128,"column":4}}}},"statementMap":{"1":{"start":{"line":36,"column":8},"end":{"line":36,"column":29}},"2":{"start":{"line":37,"column":8},"end":{"line":37,"column":35}},"3":{"start":{"line":45,"column":8},"end":{"line":45,"column":33}},"4":{"start":{"line":46,"column":8},"end":{"line":46,"column":61}},"5":{"start":{"line":47,"column":8},"end":{"line":47,"column":100}},"6":{"start":{"line":48,"column":8},"end":{"line":48,"column":88}},"7":{"start":{"line":49,"column":8},"end":{"line":49,"column":119}},"8":{"start":{"line":50,"column":8},"end":{"line":50,"column":56}},"9":{"start":{"line":52,"column":8},"end":{"line":52,"column":73}},"10":{"start":{"line":53,"column":8},"end":{"line":53,"column":117}},"11":{"start":{"line":54,"column":8},"end":{"line":54,"column":109}},"12":{"start":{"line":60,"column":8},"end":{"line":60,"column":80}},"13":{"start":{"line":61,"column":8},"end":{"line":61,"column":78}},"14":{"start":{"line":62,"column":8},"end":{"line":62,"column":54}},"15":{"start":{"line":64,"column":8},"end":{"line":64,"column":110}},"16":{"start":{"line":69,"column":8},"end":{"line":69,"column":39}},"17":{"start":{"line":73,"column":8},"end":{"line":73,"column":86}},"18":{"start":{"line":75,"column":8},"end":{"line":75,"column":24}},"19":{"start":{"line":77,"column":8},"end":{"line":77,"column":2838}},"20":{"start":{"line":78,"column":12},"end":{"line":78,"column":36}},"21":{"start":{"line":79,"column":12},"end":{"line":79,"column":34}},"22":{"start":{"line":80,"column":12},"end":{"line":80,"column":61}},"23":{"start":{"line":83,"column":12},"end":{"line":83,"column":50}},"24":{"start":{"line":86,"column":8},"end":{"line":86,"column":26}},"25":{"start":{"line":90,"column":8},"end":{"line":90,"column":53}},"26":{"start":{"line":91,"column":8},"end":{"line":91,"column":70}},"27":{"start":{"line":93,"column":8},"end":{"line":93,"column":38}},"28":{"start":{"line":106,"column":8},"end":{"line":106,"column":39}},"29":{"start":{"line":115,"column":8},"end":{"line":115,"column":30}},"30":{"start":{"line":124,"column":8},"end":{"line":124,"column":46}}},"branchMap":{"1":{"line":44,"type":"if","locations":[{"start":{"line":44,"column":37},"end":{"line":44,"column":37}},{"start":{"line":44,"column":37},"end":{"line":44,"column":37}}]},"2":{"line":50,"type":"if","locations":[{"start":{"line":50,"column":8},"end":{"line":50,"column":8}},{"start":{"line":50,"column":8},"end":{"line":50,"column":8}}]},"3":{"line":64,"type":"if","locations":[{"start":{"line":64,"column":8},"end":{"line":64,"column":8}},{"start":{"line":64,"column":8},"end":{"line":64,"column":8}}]},"4":{"line":124,"type":"if","locations":[{"start":{"line":124,"column":8},"end":{"line":124,"column":8}},{"start":{"line":124,"column":8},"end":{"line":124,"column":8}}]}}},"contracts/Vault/VaultConfig.sol":{"l":{"16":26,"17":26,"21":22,"22":22,"26":5,"30":1,"34":72,"35":68},"path":"/Users/kasoqian/Desktop/temp/DimensionX-3525-application-fork/contracts/Vault/VaultConfig.sol","s":{"1":26,"2":22,"3":5,"4":1,"5":72},"b":{"1":[5,1],"2":[1,1],"3":[68,4]},"f":{"1":26,"2":22,"3":5,"4":1,"5":72},"fnMap":{"1":{"name":"_setManager","line":15,"loc":{"start":{"line":15,"column":4},"end":{"line":18,"column":4}}},"2":{"name":"_setManageFee","line":20,"loc":{"start":{"line":20,"column":4},"end":{"line":23,"column":4}}},"3":{"name":"changeManager","line":25,"loc":{"start":{"line":25,"column":4},"end":{"line":27,"column":4}}},"4":{"name":"changeManageFee","line":29,"loc":{"start":{"line":29,"column":4},"end":{"line":31,"column":4}}},"5":{"name":"onlyManager","line":33,"loc":{"start":{"line":33,"column":4},"end":{"line":36,"column":4}}}},"statementMap":{"1":{"start":{"line":16,"column":8},"end":{"line":16,"column":47}},"2":{"start":{"line":21,"column":8},"end":{"line":21,"column":52}},"3":{"start":{"line":26,"column":8},"end":{"line":26,"column":28}},"4":{"start":{"line":30,"column":8},"end":{"line":30,"column":32}},"5":{"start":{"line":34,"column":8},"end":{"line":34,"column":56}}},"branchMap":{"1":{"line":25,"type":"if","locations":[{"start":{"line":25,"column":54},"end":{"line":25,"column":54}},{"start":{"line":25,"column":54},"end":{"line":25,"column":54}}]},"2":{"line":29,"type":"if","locations":[{"start":{"line":29,"column":55},"end":{"line":29,"column":55}},{"start":{"line":29,"column":55},"end":{"line":29,"column":55}}]},"3":{"line":34,"type":"if","locations":[{"start":{"line":34,"column":8},"end":{"line":34,"column":8}},{"start":{"line":34,"column":8},"end":{"line":34,"column":8}}]}}}}