{"contracts/Factory.sol":{"l":{"17":2,"18":2,"19":2,"20":2},"path":"/Users/kasoqian/Desktop/DimensionX-3525-application/contracts/Factory.sol","s":{"1":2,"2":2,"3":2},"b":{},"f":{"1":2},"fnMap":{"1":{"name":"newDimensionX","line":9,"loc":{"start":{"line":9,"column":4},"end":{"line":21,"column":4}}}},"statementMap":{"1":{"start":{"line":17,"column":8},"end":{"line":17,"column":109}},"2":{"start":{"line":18,"column":8},"end":{"line":18,"column":43}},"3":{"start":{"line":20,"column":8},"end":{"line":20,"column":19}}},"branchMap":{}},"contracts/Main.sol":{"l":{"17":2,"18":2,"22":2,"30":2,"36":0,"38":0,"40":0,"41":0,"43":0,"44":0,"48":0,"49":0,"53":0,"54":0,"58":0,"60":0,"62":0,"64":0,"65":0,"67":0,"68":0,"70":0,"73":0,"77":0,"81":0,"82":0,"86":0},"path":"/Users/kasoqian/Desktop/DimensionX-3525-application/contracts/Main.sol","s":{"1":2,"2":2,"3":2,"4":2,"5":0,"6":0,"7":0,"8":0,"9":0,"10":0,"11":0,"12":0,"13":0,"14":0,"15":0,"16":0,"17":0,"18":0,"19":0,"20":0,"21":0,"22":0,"23":0,"24":0,"25":0,"26":0},"b":{"1":[2,0],"2":[2,0],"3":[0,0],"4":[0,0],"5":[0,0],"6":[0,0],"7":[0,0],"8":[0,0],"9":[0,0]},"f":{"1":2,"2":2,"3":2,"4":0,"5":0,"6":0,"7":0,"8":0,"9":0,"10":0,"11":0},"fnMap":{"1":{"name":"constructor","line":16,"loc":{"start":{"line":9,"column":4},"end":{"line":19,"column":4}}},"2":{"name":"initialize","line":21,"loc":{"start":{"line":21,"column":4},"end":{"line":23,"column":4}}},"3":{"name":"__ERC3525AllRound_init","line":29,"loc":{"start":{"line":25,"column":4},"end":{"line":31,"column":4}}},"4":{"name":"__ERC3525AllRound_init_unchained","line":33,"loc":{"start":{"line":33,"column":4},"end":{"line":33,"column":75}}},"5":{"name":"composeOrSplitToken","line":35,"loc":{"start":{"line":35,"column":4},"end":{"line":45,"column":4}}},"6":{"name":"addTokenWhite","line":47,"loc":{"start":{"line":47,"column":4},"end":{"line":50,"column":4}}},"7":{"name":"removeTokenWhite","line":52,"loc":{"start":{"line":52,"column":4},"end":{"line":55,"column":4}}},"8":{"name":"_userHasShare","line":57,"loc":{"start":{"line":57,"column":4},"end":{"line":74,"column":4}}},"9":{"name":"_mintSlotValue","line":76,"loc":{"start":{"line":76,"column":4},"end":{"line":78,"column":4}}},"10":{"name":"_burnSlotValue","line":80,"loc":{"start":{"line":80,"column":4},"end":{"line":83,"column":4}}},"11":{"name":"_soltOfFromAndTo","line":85,"loc":{"start":{"line":85,"column":4},"end":{"line":87,"column":4}}}},"statementMap":{"1":{"start":{"line":17,"column":8},"end":{"line":17,"column":39}},"2":{"start":{"line":18,"column":8},"end":{"line":18,"column":44}},"3":{"start":{"line":22,"column":8},"end":{"line":22,"column":56}},"4":{"start":{"line":30,"column":8},"end":{"line":30,"column":58}},"5":{"start":{"line":36,"column":8},"end":{"line":36,"column":81}},"6":{"start":{"line":38,"column":8},"end":{"line":38,"column":50}},"7":{"start":{"line":40,"column":8},"end":{"line":40,"column":42}},"8":{"start":{"line":41,"column":8},"end":{"line":41,"column":61}},"9":{"start":{"line":43,"column":8},"end":{"line":43,"column":56}},"10":{"start":{"line":44,"column":8},"end":{"line":44,"column":51}},"11":{"start":{"line":48,"column":8},"end":{"line":48,"column":48}},"12":{"start":{"line":49,"column":8},"end":{"line":49,"column":23}},"13":{"start":{"line":53,"column":8},"end":{"line":53,"column":72}},"14":{"start":{"line":54,"column":8},"end":{"line":54,"column":41}},"15":{"start":{"line":58,"column":8},"end":{"line":58,"column":61}},"16":{"start":{"line":60,"column":8},"end":{"line":60,"column":75}},"17":{"start":{"line":62,"column":8},"end":{"line":62,"column":18}},"18":{"start":{"line":64,"column":8},"end":{"line":64,"column":2112}},"19":{"start":{"line":65,"column":12},"end":{"line":65,"column":52}},"20":{"start":{"line":67,"column":12},"end":{"line":67,"column":49}},"21":{"start":{"line":68,"column":12},"end":{"line":68,"column":50}},"22":{"start":{"line":73,"column":8},"end":{"line":73,"column":20}},"23":{"start":{"line":77,"column":8},"end":{"line":77,"column":54}},"24":{"start":{"line":81,"column":8},"end":{"line":81,"column":109}},"25":{"start":{"line":82,"column":8},"end":{"line":82,"column":58}},"26":{"start":{"line":86,"column":8},"end":{"line":86,"column":66}}},"branchMap":{"1":{"line":21,"type":"if","locations":[{"start":{"line":21,"column":100},"end":{"line":21,"column":100}},{"start":{"line":21,"column":100},"end":{"line":21,"column":100}}]},"2":{"line":29,"type":"if","locations":[{"start":{"line":29,"column":15},"end":{"line":29,"column":15}},{"start":{"line":29,"column":15},"end":{"line":29,"column":15}}]},"3":{"line":33,"type":"if","locations":[{"start":{"line":33,"column":57},"end":{"line":33,"column":57}},{"start":{"line":33,"column":57},"end":{"line":33,"column":57}}]},"4":{"line":38,"type":"if","locations":[{"start":{"line":38,"column":8},"end":{"line":38,"column":8}},{"start":{"line":38,"column":8},"end":{"line":38,"column":8}}]},"5":{"line":47,"type":"if","locations":[{"start":{"line":47,"column":48},"end":{"line":47,"column":48}},{"start":{"line":47,"column":48},"end":{"line":47,"column":48}}]},"6":{"line":52,"type":"if","locations":[{"start":{"line":52,"column":57},"end":{"line":52,"column":57}},{"start":{"line":52,"column":57},"end":{"line":52,"column":57}}]},"7":{"line":53,"type":"if","locations":[{"start":{"line":53,"column":8},"end":{"line":53,"column":8}},{"start":{"line":53,"column":8},"end":{"line":53,"column":8}}]},"8":{"line":60,"type":"if","locations":[{"start":{"line":60,"column":8},"end":{"line":60,"column":8}},{"start":{"line":60,"column":8},"end":{"line":60,"column":8}}]},"9":{"line":81,"type":"if","locations":[{"start":{"line":81,"column":8},"end":{"line":81,"column":8}},{"start":{"line":81,"column":8},"end":{"line":81,"column":8}}]}}},"contracts/Platform/IPlatform.sol":{"l":{},"path":"/Users/kasoqian/Desktop/DimensionX-3525-application/contracts/Platform/IPlatform.sol","s":{},"b":{},"f":{},"fnMap":{},"statementMap":{},"branchMap":{}},"contracts/Platform/Platform.sol":{"l":{"12":30,"13":30,"14":30,"18":1,"19":1,"23":1,"24":1,"28":1,"29":1,"34":1,"35":1,"36":1,"40":7,"41":4},"path":"/Users/kasoqian/Desktop/DimensionX-3525-application/contracts/Platform/Platform.sol","s":{"1":1,"2":1,"3":1,"4":1,"5":1,"6":1,"7":7},"b":{"1":[1,1],"2":[1,0],"3":[1,1],"4":[1,1],"5":[1,0],"6":[1,0],"7":[4,3]},"f":{"1":30,"2":1,"3":1,"4":1,"5":1,"6":7},"fnMap":{"1":{"name":"constructor","line":11,"loc":{"start":{"line":11,"column":4},"end":{"line":15,"column":4}}},"2":{"name":"setOwner","line":17,"loc":{"start":{"line":17,"column":4},"end":{"line":20,"column":4}}},"3":{"name":"setReceiver","line":22,"loc":{"start":{"line":22,"column":4},"end":{"line":25,"column":4}}},"4":{"name":"changeManageFee","line":27,"loc":{"start":{"line":27,"column":4},"end":{"line":30,"column":4}}},"5":{"name":"withdrew","line":33,"loc":{"start":{"line":33,"column":4},"end":{"line":37,"column":4}}},"6":{"name":"onlyOwner","line":39,"loc":{"start":{"line":39,"column":4},"end":{"line":42,"column":4}}}},"statementMap":{"1":{"start":{"line":18,"column":8},"end":{"line":18,"column":44}},"2":{"start":{"line":23,"column":8},"end":{"line":23,"column":49}},"3":{"start":{"line":28,"column":8},"end":{"line":28,"column":52}},"4":{"start":{"line":34,"column":8},"end":{"line":34,"column":66}},"5":{"start":{"line":35,"column":8},"end":{"line":35,"column":63}},"6":{"start":{"line":36,"column":8},"end":{"line":36,"column":45}},"7":{"start":{"line":40,"column":8},"end":{"line":40,"column":52}}},"branchMap":{"1":{"line":17,"type":"if","locations":[{"start":{"line":17,"column":56},"end":{"line":17,"column":56}},{"start":{"line":17,"column":56},"end":{"line":17,"column":56}}]},"2":{"line":22,"type":"if","locations":[{"start":{"line":22,"column":62},"end":{"line":22,"column":62}},{"start":{"line":22,"column":62},"end":{"line":22,"column":62}}]},"3":{"line":27,"type":"if","locations":[{"start":{"line":27,"column":64},"end":{"line":27,"column":64}},{"start":{"line":27,"column":64},"end":{"line":27,"column":64}}]},"4":{"line":33,"type":"if","locations":[{"start":{"line":33,"column":73},"end":{"line":33,"column":73}},{"start":{"line":33,"column":73},"end":{"line":33,"column":73}}]},"5":{"line":34,"type":"if","locations":[{"start":{"line":34,"column":8},"end":{"line":34,"column":8}},{"start":{"line":34,"column":8},"end":{"line":34,"column":8}}]},"6":{"line":36,"type":"if","locations":[{"start":{"line":36,"column":8},"end":{"line":36,"column":8}},{"start":{"line":36,"column":8},"end":{"line":36,"column":8}}]},"7":{"line":40,"type":"if","locations":[{"start":{"line":40,"column":8},"end":{"line":40,"column":8}},{"start":{"line":40,"column":8},"end":{"line":40,"column":8}}]}}},"contracts/Vault/Vault.sol":{"l":{"29":2,"30":2,"31":2,"39":0,"40":0,"42":0,"43":0,"44":0,"46":0,"48":0,"49":0,"50":0,"52":0,"53":0,"54":0,"56":0,"57":0,"58":0,"60":0,"65":0,"70":0,"82":0,"87":0,"91":0,"92":0,"93":0,"94":0},"path":"/Users/kasoqian/Desktop/DimensionX-3525-application/contracts/Vault/Vault.sol","s":{"1":0,"2":0,"3":0,"4":0,"5":0,"6":0,"7":0,"8":0,"9":0,"10":0,"11":0,"12":0,"13":0,"14":0,"15":0,"16":0,"17":0},"b":{"1":[0,0],"2":[0,0],"3":[0,0],"4":[0,0]},"f":{"1":2,"2":0,"3":0,"4":0,"5":0,"6":0,"7":0,"8":0,"9":0},"fnMap":{"1":{"name":"constructor","line":28,"loc":{"start":{"line":28,"column":4},"end":{"line":32,"column":4}}},"2":{"name":"userWithdrew","line":38,"loc":{"start":{"line":38,"column":4},"end":{"line":61,"column":4}}},"3":{"name":"userCouldRewardTotal","line":64,"loc":{"start":{"line":64,"column":4},"end":{"line":66,"column":4}}},"4":{"name":"userShouldRewardTotal","line":69,"loc":{"start":{"line":69,"column":4},"end":{"line":71,"column":4}}},"5":{"name":"_userHasShare","line":74,"loc":{"start":{"line":74,"column":4},"end":{"line":74,"column":75}}},"6":{"name":"_whenTransferOut","line":76,"loc":{"start":{"line":76,"column":4},"end":{"line":76,"column":55}}},"7":{"name":"_whenTransfetIn","line":78,"loc":{"start":{"line":78,"column":4},"end":{"line":78,"column":54}}},"8":{"name":"_contractBalance","line":81,"loc":{"start":{"line":81,"column":4},"end":{"line":83,"column":4}}},"9":{"name":"lock","line":90,"loc":{"start":{"line":90,"column":4},"end":{"line":95,"column":4}}}},"statementMap":{"1":{"start":{"line":39,"column":8},"end":{"line":39,"column":33}},"2":{"start":{"line":40,"column":8},"end":{"line":40,"column":61}},"3":{"start":{"line":42,"column":8},"end":{"line":42,"column":102}},"4":{"start":{"line":43,"column":8},"end":{"line":43,"column":88}},"5":{"start":{"line":44,"column":8},"end":{"line":44,"column":119}},"6":{"start":{"line":46,"column":8},"end":{"line":46,"column":56}},"7":{"start":{"line":48,"column":8},"end":{"line":48,"column":73}},"8":{"start":{"line":49,"column":8},"end":{"line":49,"column":119}},"9":{"start":{"line":50,"column":8},"end":{"line":50,"column":100}},"10":{"start":{"line":56,"column":8},"end":{"line":56,"column":80}},"11":{"start":{"line":57,"column":8},"end":{"line":57,"column":78}},"12":{"start":{"line":58,"column":8},"end":{"line":58,"column":54}},"13":{"start":{"line":60,"column":8},"end":{"line":60,"column":110}},"14":{"start":{"line":65,"column":8},"end":{"line":65,"column":81}},"15":{"start":{"line":70,"column":8},"end":{"line":70,"column":72}},"16":{"start":{"line":82,"column":8},"end":{"line":82,"column":30}},"17":{"start":{"line":91,"column":8},"end":{"line":91,"column":46}}},"branchMap":{"1":{"line":38,"type":"if","locations":[{"start":{"line":38,"column":37},"end":{"line":38,"column":37}},{"start":{"line":38,"column":37},"end":{"line":38,"column":37}}]},"2":{"line":46,"type":"if","locations":[{"start":{"line":46,"column":8},"end":{"line":46,"column":8}},{"start":{"line":46,"column":8},"end":{"line":46,"column":8}}]},"3":{"line":60,"type":"if","locations":[{"start":{"line":60,"column":8},"end":{"line":60,"column":8}},{"start":{"line":60,"column":8},"end":{"line":60,"column":8}}]},"4":{"line":91,"type":"if","locations":[{"start":{"line":91,"column":8},"end":{"line":91,"column":8}},{"start":{"line":91,"column":8},"end":{"line":91,"column":8}}]}}},"contracts/Vault/VaultConfig.sol":{"l":{"16":0,"17":0,"21":0,"22":0,"26":0,"27":0},"path":"/Users/kasoqian/Desktop/DimensionX-3525-application/contracts/Vault/VaultConfig.sol","s":{"1":0,"2":0,"3":0},"b":{"1":[0,0],"2":[0,0],"3":[0,0]},"f":{"1":0,"2":0,"3":0},"fnMap":{"1":{"name":"_setManager","line":15,"loc":{"start":{"line":15,"column":4},"end":{"line":18,"column":4}}},"2":{"name":"changeManageFee","line":20,"loc":{"start":{"line":20,"column":4},"end":{"line":23,"column":4}}},"3":{"name":"onlyManager","line":25,"loc":{"start":{"line":25,"column":4},"end":{"line":28,"column":4}}}},"statementMap":{"1":{"start":{"line":16,"column":8},"end":{"line":16,"column":47}},"2":{"start":{"line":21,"column":8},"end":{"line":21,"column":52}},"3":{"start":{"line":26,"column":8},"end":{"line":26,"column":54}}},"branchMap":{"1":{"line":15,"type":"if","locations":[{"start":{"line":15,"column":52},"end":{"line":15,"column":52}},{"start":{"line":15,"column":52},"end":{"line":15,"column":52}}]},"2":{"line":20,"type":"if","locations":[{"start":{"line":20,"column":55},"end":{"line":20,"column":55}},{"start":{"line":20,"column":55},"end":{"line":20,"column":55}}]},"3":{"line":26,"type":"if","locations":[{"start":{"line":26,"column":8},"end":{"line":26,"column":8}},{"start":{"line":26,"column":8},"end":{"line":26,"column":8}}]}}}}