{
"contracts/Factory.sol":{"l":{"17":2,"18":2,"19":2,"20":2,"21":2},"path":"/Users/kasoqian/Desktop/DimensionX-3525-application/contracts/Factory.sol","s":{"1":2,"2":2,"3":2,"4":2},"b":{},"f":{"1":2},"fnMap":{"1":{"name":"newDimensionX","line":9,"loc":{"start":{"line":9,"column":4},"end":{"line":22,"column":4}}}},"statementMap":{"1":{"start":{"line":17,"column":8},"end":{"line":17,"column":49}},"2":{"start":{"line":18,"column":8},"end":{"line":18,"column":85}},"3":{"start":{"line":19,"column":8},"end":{"line":19,"column":43}},"4":{"start":{"line":21,"column":8},"end":{"line":21,"column":19}}},"branchMap":{}},
"contracts/Main.sol":{"l":{"27":19,"28":19,"29":19,"30":19,"31":19,"35":54,"36":53,"37":53,"41":2,"42":1,"46":20,"48":20,"50":18,"51":18,"52":18,"54":18,"55":18,"56":18,"58":18,"59":18,"63":18,"67":18,"68":18,"70":18,"71":11,"74":18,"75":18,"79":6,"81":6,"82":6,"84":6,"86":6,"87":7,"89":7,"90":7,"91":7,"93":7,"96":6,"100":11,"101":11},"path":"/Users/kasoqian/Desktop/DimensionX-3525-application/contracts/Main.sol","s":{"1":19,"2":19,"3":19,"4":19,"5":19,"6":54,"7":53,"8":2,"9":20,"10":20,"11":18,"12":18,"13":18,"14":18,"15":18,"16":18,"17":18,"18":18,"19":18,"20":18,"21":18,"22":18,"23":18,"24":6,"25":6,"26":6,"27":6,"28":6,"29":7,"30":7,"31":7,"32":7,"33":6,"34":11,"35":11},"b":{"1":[19,1],"2":[54,1],"3":[53,1],"4":[2,1],"5":[1,1],"6":[18,2],"7":[7,11],"8":[11,7],"9":[6,0],"10":[11,0]},"f":{"1":19,"2":54,"3":2,"4":20,"5":18,"6":6,"7":11},"fnMap":{"1":{"name":"init","line":26,"loc":{"start":{"line":19,"column":4},"end":{"line":32,"column":4}}},"2":{"name":"addSlotWhite","line":34,"loc":{"start":{"line":34,"column":4},"end":{"line":38,"column":4}}},"3":{"name":"removeSlotWhite","line":40,"loc":{"start":{"line":40,"column":4},"end":{"line":43,"column":4}}},"4":{"name":"composeOrSplitToken","line":45,"loc":{"start":{"line":45,"column":4},"end":{"line":64,"column":4}}},"5":{"name":"_updateReward","line":66,"loc":{"start":{"line":66,"column":4},"end":{"line":76,"column":4}}},"6":{"name":"_getRewardTokensAndShare","line":78,"loc":{"start":{"line":78,"column":4},"end":{"line":97,"column":4}}},"7":{"name":"_burnSlotValue","line":99,"loc":{"start":{"line":99,"column":4},"end":{"line":102,"column":4}}}},"statementMap":{"1":{"start":{"line":27,"column":8},"end":{"line":27,"column":28}},"2":{"start":{"line":28,"column":8},"end":{"line":28,"column":52}},"3":{"start":{"line":29,"column":8},"end":{"line":29,"column":48}},"4":{"start":{"line":30,"column":8},"end":{"line":30,"column":57}},"5":{"start":{"line":31,"column":8},"end":{"line":31,"column":28}},"6":{"start":{"line":35,"column":8},"end":{"line":35,"column":46}},"7":{"start":{"line":37,"column":8},"end":{"line":37,"column":20}},"8":{"start":{"line":41,"column":8},"end":{"line":41,"column":53}},"9":{"start":{"line":46,"column":8},"end":{"line":46,"column":49}},"10":{"start":{"line":48,"column":8},"end":{"line":48,"column":68}},"11":{"start":{"line":50,"column":8},"end":{"line":50,"column":42}},"12":{"start":{"line":51,"column":8},"end":{"line":51,"column":60}},"13":{"start":{"line":52,"column":8},"end":{"line":52,"column":60}},"14":{"start":{"line":54,"column":8},"end":{"line":54,"column":45}},"15":{"start":{"line":55,"column":8},"end":{"line":55,"column":60}},"16":{"start":{"line":56,"column":8},"end":{"line":56,"column":28}},"17":{"start":{"line":58,"column":8},"end":{"line":58,"column":67}},"18":{"start":{"line":63,"column":8},"end":{"line":63,"column":25}},"19":{"start":{"line":67,"column":8},"end":{"line":67,"column":63}},"20":{"start":{"line":68,"column":8},"end":{"line":68,"column":60}},"21":{"start":{"line":70,"column":8},"end":{"line":70,"column":2305}},"22":{"start":{"line":74,"column":8},"end":{"line":74,"column":53}},"23":{"start":{"line":75,"column":8},"end":{"line":75,"column":51}},"24":{"start":{"line":79,"column":8},"end":{"line":79,"column":61}},"25":{"start":{"line":81,"column":8},"end":{"line":81,"column":53}},"26":{"start":{"line":82,"column":8},"end":{"line":82,"column":56}},"27":{"start":{"line":84,"column":8},"end":{"line":84,"column":59}},"28":{"start":{"line":86,"column":8},"end":{"line":86,"column":2931}},"29":{"start":{"line":87,"column":12},"end":{"line":87,"column":36}},"30":{"start":{"line":89,"column":12},"end":{"line":89,"column":49}},"31":{"start":{"line":90,"column":12},"end":{"line":90,"column":50}},"32":{"start":{"line":91,"column":12},"end":{"line":91,"column":44}},"33":{"start":{"line":96,"column":8},"end":{"line":96,"column":31}},"34":{"start":{"line":100,"column":8},"end":{"line":100,"column":109}},"35":{"start":{"line":101,"column":8},"end":{"line":101,"column":58}}},"branchMap":{"1":{"line":26,"type":"if","locations":[{"start":{"line":26,"column":15},"end":{"line":26,"column":15}},{"start":{"line":26,"column":15},"end":{"line":26,"column":15}}]},"2":{"line":34,"type":"if","locations":[{"start":{"line":34,"column":47},"end":{"line":34,"column":47}},{"start":{"line":34,"column":47},"end":{"line":34,"column":47}}]},"3":{"line":35,"type":"if","locations":[{"start":{"line":35,"column":8},"end":{"line":35,"column":8}},{"start":{"line":35,"column":8},"end":{"line":35,"column":8}}]},"4":{"line":40,"type":"if","locations":[{"start":{"line":40,"column":53},"end":{"line":40,"column":53}},{"start":{"line":40,"column":53},"end":{"line":40,"column":53}}]},"5":{"line":41,"type":"if","locations":[{"start":{"line":41,"column":8},"end":{"line":41,"column":8}},{"start":{"line":41,"column":8},"end":{"line":41,"column":8}}]},"6":{"line":48,"type":"if","locations":[{"start":{"line":48,"column":8},"end":{"line":48,"column":8}},{"start":{"line":48,"column":8},"end":{"line":48,"column":8}}]},"7":{"line":60,"type":"if","locations":[{"start":{"line":60,"column":14},"end":{"line":60,"column":32}},{"start":{"line":61,"column":14},"end":{"line":61,"column":62}}]},"8":{"line":70,"type":"if","locations":[{"start":{"line":70,"column":8},"end":{"line":70,"column":8}},{"start":{"line":70,"column":8},"end":{"line":70,"column":8}}]},"9":{"line":84,"type":"if","locations":[{"start":{"line":84,"column":8},"end":{"line":84,"column":8}},{"start":{"line":84,"column":8},"end":{"line":84,"column":8}}]},"10":{"line":100,"type":"if","locations":[{"start":{"line":100,"column":8},"end":{"line":100,"column":8}},{"start":{"line":100,"column":8},"end":{"line":100,"column":8}}]}}},
"contracts/Platform/IPlatform.sol":{"l":{},"path":"/Users/kasoqian/Desktop/DimensionX-3525-application/contracts/Platform/IPlatform.sol","s":{},"b":{},"f":{},"fnMap":{},"statementMap":{},"branchMap":{}},
"contracts/Platform/Platform.sol":{"l":{"12":60,"13":60,"14":60,"18":1,"19":1,"23":1,"24":1,"28":1,"29":1,"34":2,"35":1,"36":1,"40":9,"41":5},"path":"/Users/kasoqian/Desktop/DimensionX-3525-application/contracts/Platform/Platform.sol","s":{"1":1,"2":1,"3":1,"4":2,"5":1,"6":1,"7":9},"b":{"1":[1,1],"2":[1,1],"3":[1,1],"4":[2,1],"5":[1,1],"6":[1,0],"7":[5,4]},"f":{"1":60,"2":1,"3":1,"4":1,"5":2,"6":9,"7":0},"fnMap":{"1":{"name":"constructor","line":11,"loc":{"start":{"line":11,"column":4},"end":{"line":15,"column":4}}},"2":{"name":"setOwner","line":17,"loc":{"start":{"line":17,"column":4},"end":{"line":20,"column":4}}},"3":{"name":"setReceiver","line":22,"loc":{"start":{"line":22,"column":4},"end":{"line":25,"column":4}}},"4":{"name":"changeManageFee","line":27,"loc":{"start":{"line":27,"column":4},"end":{"line":30,"column":4}}},"5":{"name":"withdrew","line":33,"loc":{"start":{"line":33,"column":4},"end":{"line":37,"column":4}}},"6":{"name":"onlyOwner","line":39,"loc":{"start":{"line":39,"column":4},"end":{"line":42,"column":4}}},"7":{"name":null,"line":47,"loc":{"start":{"line":47,"column":4},"end":{"line":47,"column":33}}}},"statementMap":{"1":{"start":{"line":18,"column":8},"end":{"line":18,"column":44}},"2":{"start":{"line":23,"column":8},"end":{"line":23,"column":49}},"3":{"start":{"line":28,"column":8},"end":{"line":28,"column":52}},"4":{"start":{"line":34,"column":8},"end":{"line":34,"column":66}},"5":{"start":{"line":35,"column":8},"end":{"line":35,"column":63}},"6":{"start":{"line":36,"column":8},"end":{"line":36,"column":45}},"7":{"start":{"line":40,"column":8},"end":{"line":40,"column":52}}},"branchMap":{"1":{"line":17,"type":"if","locations":[{"start":{"line":17,"column":56},"end":{"line":17,"column":56}},{"start":{"line":17,"column":56},"end":{"line":17,"column":56}}]},"2":{"line":22,"type":"if","locations":[{"start":{"line":22,"column":62},"end":{"line":22,"column":62}},{"start":{"line":22,"column":62},"end":{"line":22,"column":62}}]},"3":{"line":27,"type":"if","locations":[{"start":{"line":27,"column":64},"end":{"line":27,"column":64}},{"start":{"line":27,"column":64},"end":{"line":27,"column":64}}]},"4":{"line":33,"type":"if","locations":[{"start":{"line":33,"column":73},"end":{"line":33,"column":73}},{"start":{"line":33,"column":73},"end":{"line":33,"column":73}}]},"5":{"line":34,"type":"if","locations":[{"start":{"line":34,"column":8},"end":{"line":34,"column":8}},{"start":{"line":34,"column":8},"end":{"line":34,"column":8}}]},"6":{"line":36,"type":"if","locations":[{"start":{"line":36,"column":8},"end":{"line":36,"column":8}},{"start":{"line":36,"column":8},"end":{"line":36,"column":8}}]},"7":{"line":40,"type":"if","locations":[{"start":{"line":40,"column":8},"end":{"line":40,"column":8}},{"start":{"line":40,"column":8},"end":{"line":40,"column":8}}]}}},
"contracts/utils/InitLock.sol":{"l":{"10":20,"11":19,"12":19,"13":19},"path":"/Users/kasoqian/Desktop/DimensionX-3525-application/contracts/utils/InitLock.sol","s":{"1":20,"2":19},"b":{"1":[19,1]},"f":{"1":20},"fnMap":{"1":{"name":"_initLock_","line":9,"loc":{"start":{"line":9,"column":4},"end":{"line":14,"column":4}}}},"statementMap":{"1":{"start":{"line":10,"column":8},"end":{"line":10,"column":51}},"2":{"start":{"line":13,"column":8},"end":{"line":13,"column":57}}},"branchMap":{"1":{"line":10,"type":"if","locations":[{"start":{"line":10,"column":8},"end":{"line":10,"column":8}},{"start":{"line":10,"column":8},"end":{"line":10,"column":8}}]}}},
"contracts/Vault/Vault.sol":{"l":{"34":19,"35":19,"36":19,"37":19,"45":6,"46":6,"47":6,"48":6,"49":6,"50":6,"51":6,"53":6,"54":6,"55":6,"56":6,"57":6,"58":6,"59":6,"60":6,"62":6,"63":6,"64":6,"66":6,"71":6,"75":6,"77":6,"79":6,"80":7,"81":7,"82":7,"84":7,"85":7,"88":6,"92":7,"93":7,"95":7,"103":7,"107":25,"111":36,"116":7,"123":27,"127":6,"128":6,"129":6,"130":6},"path":"/Users/kasoqian/Desktop/DimensionX-3525-application/contracts/Vault/Vault.sol","s":{"1":19,"2":19,"3":6,"4":6,"5":6,"6":6,"7":6,"8":6,"9":6,"10":6,"11":6,"12":6,"13":6,"14":6,"15":6,"16":6,"17":6,"18":6,"19":6,"20":6,"21":6,"22":6,"23":7,"24":7,"25":7,"26":7,"27":6,"28":7,"29":7,"30":7,"31":25,"32":7,"33":6},"b":{"1":[6,0],"2":[6,0],"3":[6,0],"4":[6,0]},"f":{"1":19,"2":6,"3":6,"4":6,"5":7,"6":0,"7":7,"8":25,"9":36,"10":7,"11":0,"12":6},"fnMap":{"1":{"name":"_initVault","line":33,"loc":{"start":{"line":33,"column":4},"end":{"line":38,"column":4}}},"2":{"name":"userWithdrew","line":44,"loc":{"start":{"line":44,"column":4},"end":{"line":67,"column":4}}},"3":{"name":"userCouldRewardTotal","line":70,"loc":{"start":{"line":70,"column":4},"end":{"line":72,"column":4}}},"4":{"name":"_calTokensReward","line":74,"loc":{"start":{"line":74,"column":4},"end":{"line":89,"column":4}}},"5":{"name":"_calTokenReward","line":91,"loc":{"start":{"line":91,"column":4},"end":{"line":96,"column":4}}},"6":{"name":"_getRewardTokensAndShare","line":98,"loc":{"start":{"line":98,"column":4},"end":{"line":100,"column":78}}},"7":{"name":"_setHasTokenReward","line":102,"loc":{"start":{"line":102,"column":4},"end":{"line":104,"column":4}}},"8":{"name":"_getTokenHasReward","line":106,"loc":{"start":{"line":106,"column":4},"end":{"line":108,"column":4}}},"9":{"name":"_setTokenReward","line":110,"loc":{"start":{"line":110,"column":4},"end":{"line":112,"column":4}}},"10":{"name":"_contractBalance","line":115,"loc":{"start":{"line":115,"column":4},"end":{"line":117,"column":4}}},"11":{"name":null,"line":119,"loc":{"start":{"line":119,"column":4},"end":{"line":119,"column":33}}},"12":{"name":"lock","line":126,"loc":{"start":{"line":126,"column":4},"end":{"line":131,"column":4}}}},"statementMap":{"1":{"start":{"line":36,"column":8},"end":{"line":36,"column":29}},"2":{"start":{"line":37,"column":8},"end":{"line":37,"column":35}},"3":{"start":{"line":45,"column":8},"end":{"line":45,"column":33}},"4":{"start":{"line":46,"column":8},"end":{"line":46,"column":61}},"5":{"start":{"line":47,"column":8},"end":{"line":47,"column":100}},"6":{"start":{"line":48,"column":8},"end":{"line":48,"column":88}},"7":{"start":{"line":49,"column":8},"end":{"line":49,"column":119}},"8":{"start":{"line":50,"column":8},"end":{"line":50,"column":49}},"9":{"start":{"line":51,"column":8},"end":{"line":51,"column":56}},"10":{"start":{"line":53,"column":8},"end":{"line":53,"column":73}},"11":{"start":{"line":54,"column":8},"end":{"line":54,"column":117}},"12":{"start":{"line":55,"column":8},"end":{"line":55,"column":109}},"13":{"start":{"line":56,"column":8},"end":{"line":56,"column":42}},"14":{"start":{"line":57,"column":8},"end":{"line":57,"column":46}},"15":{"start":{"line":62,"column":8},"end":{"line":62,"column":80}},"16":{"start":{"line":63,"column":8},"end":{"line":63,"column":78}},"17":{"start":{"line":64,"column":8},"end":{"line":64,"column":54}},"18":{"start":{"line":66,"column":8},"end":{"line":66,"column":110}},"19":{"start":{"line":71,"column":8},"end":{"line":71,"column":39}},"20":{"start":{"line":75,"column":8},"end":{"line":75,"column":86}},"21":{"start":{"line":77,"column":8},"end":{"line":77,"column":24}},"22":{"start":{"line":79,"column":8},"end":{"line":79,"column":2983}},"23":{"start":{"line":80,"column":12},"end":{"line":80,"column":36}},"24":{"start":{"line":81,"column":12},"end":{"line":81,"column":34}},"25":{"start":{"line":82,"column":12},"end":{"line":82,"column":61}},"26":{"start":{"line":85,"column":12},"end":{"line":85,"column":50}},"27":{"start":{"line":88,"column":8},"end":{"line":88,"column":26}},"28":{"start":{"line":92,"column":8},"end":{"line":92,"column":53}},"29":{"start":{"line":93,"column":8},"end":{"line":93,"column":70}},"30":{"start":{"line":95,"column":8},"end":{"line":95,"column":38}},"31":{"start":{"line":107,"column":8},"end":{"line":107,"column":39}},"32":{"start":{"line":116,"column":8},"end":{"line":116,"column":30}},"33":{"start":{"line":127,"column":8},"end":{"line":127,"column":46}}},"branchMap":{"1":{"line":44,"type":"if","locations":[{"start":{"line":44,"column":37},"end":{"line":44,"column":37}},{"start":{"line":44,"column":37},"end":{"line":44,"column":37}}]},"2":{"line":51,"type":"if","locations":[{"start":{"line":51,"column":8},"end":{"line":51,"column":8}},{"start":{"line":51,"column":8},"end":{"line":51,"column":8}}]},"3":{"line":66,"type":"if","locations":[{"start":{"line":66,"column":8},"end":{"line":66,"column":8}},{"start":{"line":66,"column":8},"end":{"line":66,"column":8}}]},"4":{"line":127,"type":"if","locations":[{"start":{"line":127,"column":8},"end":{"line":127,"column":8}},{"start":{"line":127,"column":8},"end":{"line":127,"column":8}}]}}},
"contracts/Vault/VaultConfig.sol":{"l":{"16":23,"17":23,"21":20,"22":20,"26":4,"30":1,"34":65,"35":61},"path":"/Users/kasoqian/Desktop/DimensionX-3525-application/contracts/Vault/VaultConfig.sol","s":{"1":23,"2":20,"3":4,"4":1,"5":65},"b":{"1":[4,1],"2":[1,1],"3":[61,4]},"f":{"1":23,"2":20,"3":4,"4":1,"5":65},"fnMap":{"1":{"name":"_setManager","line":15,"loc":{"start":{"line":15,"column":4},"end":{"line":18,"column":4}}},"2":{"name":"_setManageFee","line":20,"loc":{"start":{"line":20,"column":4},"end":{"line":23,"column":4}}},"3":{"name":"changeManager","line":25,"loc":{"start":{"line":25,"column":4},"end":{"line":27,"column":4}}},"4":{"name":"changeManageFee","line":29,"loc":{"start":{"line":29,"column":4},"end":{"line":31,"column":4}}},"5":{"name":"onlyManager","line":33,"loc":{"start":{"line":33,"column":4},"end":{"line":36,"column":4}}}},"statementMap":{"1":{"start":{"line":16,"column":8},"end":{"line":16,"column":47}},"2":{"start":{"line":21,"column":8},"end":{"line":21,"column":52}},"3":{"start":{"line":26,"column":8},"end":{"line":26,"column":28}},"4":{"start":{"line":30,"column":8},"end":{"line":30,"column":32}},"5":{"start":{"line":34,"column":8},"end":{"line":34,"column":56}}},"branchMap":{"1":{"line":25,"type":"if","locations":[{"start":{"line":25,"column":54},"end":{"line":25,"column":54}},{"start":{"line":25,"column":54},"end":{"line":25,"column":54}}]},"2":{"line":29,"type":"if","locations":[{"start":{"line":29,"column":55},"end":{"line":29,"column":55}},{"start":{"line":29,"column":55},"end":{"line":29,"column":55}}]},"3":{"line":34,"type":"if","locations":[{"start":{"line":34,"column":8},"end":{"line":34,"column":8}},{"start":{"line":34,"column":8},"end":{"line":34,"column":8}}]}}}}
