{
"contracts/Factory.sol":{"l":{"17":2,"18":2,"19":2,"20":2,"21":2},"path":"/Users/kasoqian/Desktop/DimensionX-3525-application/contracts/Factory.sol","s":{"1":2,"2":2,"3":2,"4":2},"b":{},"f":{"1":2},"fnMap":{"1":{"name":"newDimensionX","line":9,"loc":{"start":{"line":9,"column":4},"end":{"line":22,"column":4}}}},"statementMap":{"1":{"start":{"line":17,"column":8},"end":{"line":17,"column":49}},"2":{"start":{"line":18,"column":8},"end":{"line":18,"column":85}},"3":{"start":{"line":19,"column":8},"end":{"line":19,"column":43}},"4":{"start":{"line":21,"column":8},"end":{"line":21,"column":19}}},"branchMap":{}},
"contracts/Main.sol":{"l":{"27":15,"28":15,"29":15,"30":15,"31":15,"35":30,"36":29,"37":29,"41":2,"42":1,"46":20,"48":20,"50":18,"51":18,"52":18,"54":18,"55":18,"56":18,"58":18,"59":18,"63":18,"67":18,"68":18,"70":18,"71":11,"74":18,"75":18,"79":1,"81":1,"82":1,"84":1,"86":1,"87":2,"89":2,"90":2,"91":2,"93":2,"94":2,"95":2,"98":1,"99":1,"101":1,"105":11,"106":11},"path":"/Users/kasoqian/Desktop/DimensionX-3525-application/contracts/Main.sol","s":{"1":15,"2":15,"3":15,"4":15,"5":15,"6":30,"7":29,"8":2,"9":20,"10":20,"11":18,"12":18,"13":18,"14":18,"15":18,"16":18,"17":18,"18":18,"19":18,"20":18,"21":18,"22":18,"23":18,"24":1,"25":1,"26":1,"27":1,"28":1,"29":2,"30":2,"31":2,"32":2,"33":2,"34":2,"35":1,"36":1,"37":1,"38":11,"39":11},"b":{"1":[15,1],"2":[30,1],"3":[29,1],"4":[2,1],"5":[1,1],"6":[18,2],"7":[7,11],"8":[11,7],"9":[1,0],"10":[11,0]},"f":{"1":15,"2":30,"3":2,"4":20,"5":18,"6":1,"7":11},"fnMap":{"1":{"name":"init","line":26,"loc":{"start":{"line":19,"column":4},"end":{"line":32,"column":4}}},"2":{"name":"addSlotWhite","line":34,"loc":{"start":{"line":34,"column":4},"end":{"line":38,"column":4}}},"3":{"name":"removeSlotWhite","line":40,"loc":{"start":{"line":40,"column":4},"end":{"line":43,"column":4}}},"4":{"name":"composeOrSplitToken","line":45,"loc":{"start":{"line":45,"column":4},"end":{"line":64,"column":4}}},"5":{"name":"_updateReward","line":66,"loc":{"start":{"line":66,"column":4},"end":{"line":76,"column":4}}},"6":{"name":"_getRewardTokensAndShare","line":78,"loc":{"start":{"line":78,"column":4},"end":{"line":102,"column":4}}},"7":{"name":"_burnSlotValue","line":104,"loc":{"start":{"line":104,"column":4},"end":{"line":107,"column":4}}}},"statementMap":{"1":{"start":{"line":27,"column":8},"end":{"line":27,"column":28}},"2":{"start":{"line":28,"column":8},"end":{"line":28,"column":52}},"3":{"start":{"line":29,"column":8},"end":{"line":29,"column":48}},"4":{"start":{"line":30,"column":8},"end":{"line":30,"column":57}},"5":{"start":{"line":31,"column":8},"end":{"line":31,"column":28}},"6":{"start":{"line":35,"column":8},"end":{"line":35,"column":46}},"7":{"start":{"line":37,"column":8},"end":{"line":37,"column":20}},"8":{"start":{"line":41,"column":8},"end":{"line":41,"column":53}},"9":{"start":{"line":46,"column":8},"end":{"line":46,"column":49}},"10":{"start":{"line":48,"column":8},"end":{"line":48,"column":68}},"11":{"start":{"line":50,"column":8},"end":{"line":50,"column":42}},"12":{"start":{"line":51,"column":8},"end":{"line":51,"column":60}},"13":{"start":{"line":52,"column":8},"end":{"line":52,"column":60}},"14":{"start":{"line":54,"column":8},"end":{"line":54,"column":45}},"15":{"start":{"line":55,"column":8},"end":{"line":55,"column":60}},"16":{"start":{"line":56,"column":8},"end":{"line":56,"column":28}},"17":{"start":{"line":58,"column":8},"end":{"line":58,"column":67}},"18":{"start":{"line":63,"column":8},"end":{"line":63,"column":25}},"19":{"start":{"line":67,"column":8},"end":{"line":67,"column":63}},"20":{"start":{"line":68,"column":8},"end":{"line":68,"column":60}},"21":{"start":{"line":70,"column":8},"end":{"line":70,"column":2313}},"22":{"start":{"line":74,"column":8},"end":{"line":74,"column":53}},"23":{"start":{"line":75,"column":8},"end":{"line":75,"column":51}},"24":{"start":{"line":79,"column":8},"end":{"line":79,"column":61}},"25":{"start":{"line":81,"column":8},"end":{"line":81,"column":53}},"26":{"start":{"line":82,"column":8},"end":{"line":82,"column":56}},"27":{"start":{"line":84,"column":8},"end":{"line":84,"column":59}},"28":{"start":{"line":86,"column":8},"end":{"line":86,"column":2939}},"29":{"start":{"line":87,"column":12},"end":{"line":87,"column":36}},"30":{"start":{"line":89,"column":12},"end":{"line":89,"column":49}},"31":{"start":{"line":90,"column":12},"end":{"line":90,"column":50}},"32":{"start":{"line":91,"column":12},"end":{"line":91,"column":44}},"33":{"start":{"line":93,"column":12},"end":{"line":93,"column":41}},"34":{"start":{"line":94,"column":12},"end":{"line":94,"column":43}},"35":{"start":{"line":98,"column":8},"end":{"line":98,"column":41}},"36":{"start":{"line":99,"column":8},"end":{"line":99,"column":41}},"37":{"start":{"line":101,"column":8},"end":{"line":101,"column":31}},"38":{"start":{"line":105,"column":8},"end":{"line":105,"column":109}},"39":{"start":{"line":106,"column":8},"end":{"line":106,"column":58}}},"branchMap":{"1":{"line":26,"type":"if","locations":[{"start":{"line":26,"column":15},"end":{"line":26,"column":15}},{"start":{"line":26,"column":15},"end":{"line":26,"column":15}}]},"2":{"line":34,"type":"if","locations":[{"start":{"line":34,"column":47},"end":{"line":34,"column":47}},{"start":{"line":34,"column":47},"end":{"line":34,"column":47}}]},"3":{"line":35,"type":"if","locations":[{"start":{"line":35,"column":8},"end":{"line":35,"column":8}},{"start":{"line":35,"column":8},"end":{"line":35,"column":8}}]},"4":{"line":40,"type":"if","locations":[{"start":{"line":40,"column":53},"end":{"line":40,"column":53}},{"start":{"line":40,"column":53},"end":{"line":40,"column":53}}]},"5":{"line":41,"type":"if","locations":[{"start":{"line":41,"column":8},"end":{"line":41,"column":8}},{"start":{"line":41,"column":8},"end":{"line":41,"column":8}}]},"6":{"line":48,"type":"if","locations":[{"start":{"line":48,"column":8},"end":{"line":48,"column":8}},{"start":{"line":48,"column":8},"end":{"line":48,"column":8}}]},"7":{"line":60,"type":"if","locations":[{"start":{"line":60,"column":14},"end":{"line":60,"column":32}},{"start":{"line":61,"column":14},"end":{"line":61,"column":62}}]},"8":{"line":70,"type":"if","locations":[{"start":{"line":70,"column":8},"end":{"line":70,"column":8}},{"start":{"line":70,"column":8},"end":{"line":70,"column":8}}]},"9":{"line":84,"type":"if","locations":[{"start":{"line":84,"column":8},"end":{"line":84,"column":8}},{"start":{"line":84,"column":8},"end":{"line":84,"column":8}}]},"10":{"line":105,"type":"if","locations":[{"start":{"line":105,"column":8},"end":{"line":105,"column":8}},{"start":{"line":105,"column":8},"end":{"line":105,"column":8}}]}}},
"contracts/Platform/IPlatform.sol":{"l":{},"path":"/Users/kasoqian/Desktop/DimensionX-3525-application/contracts/Platform/IPlatform.sol","s":{},"b":{},"f":{},"fnMap":{},"statementMap":{},"branchMap":{}},
"contracts/Platform/Platform.sol":{"l":{"12":48,"13":48,"14":48,"18":1,"19":1,"23":1,"24":1,"28":1,"29":1,"34":2,"35":1,"36":1,"40":9,"41":5},"path":"/Users/kasoqian/Desktop/DimensionX-3525-application/contracts/Platform/Platform.sol","s":{"1":1,"2":1,"3":1,"4":2,"5":1,"6":1,"7":9},"b":{"1":[1,1],"2":[1,1],"3":[1,1],"4":[2,1],"5":[1,1],"6":[1,0],"7":[5,4]},"f":{"1":48,"2":1,"3":1,"4":1,"5":2,"6":9,"7":0},"fnMap":{"1":{"name":"constructor","line":11,"loc":{"start":{"line":11,"column":4},"end":{"line":15,"column":4}}},"2":{"name":"setOwner","line":17,"loc":{"start":{"line":17,"column":4},"end":{"line":20,"column":4}}},"3":{"name":"setReceiver","line":22,"loc":{"start":{"line":22,"column":4},"end":{"line":25,"column":4}}},"4":{"name":"changeManageFee","line":27,"loc":{"start":{"line":27,"column":4},"end":{"line":30,"column":4}}},"5":{"name":"withdrew","line":33,"loc":{"start":{"line":33,"column":4},"end":{"line":37,"column":4}}},"6":{"name":"onlyOwner","line":39,"loc":{"start":{"line":39,"column":4},"end":{"line":42,"column":4}}},"7":{"name":null,"line":47,"loc":{"start":{"line":47,"column":4},"end":{"line":47,"column":33}}}},"statementMap":{"1":{"start":{"line":18,"column":8},"end":{"line":18,"column":44}},"2":{"start":{"line":23,"column":8},"end":{"line":23,"column":49}},"3":{"start":{"line":28,"column":8},"end":{"line":28,"column":52}},"4":{"start":{"line":34,"column":8},"end":{"line":34,"column":66}},"5":{"start":{"line":35,"column":8},"end":{"line":35,"column":63}},"6":{"start":{"line":36,"column":8},"end":{"line":36,"column":45}},"7":{"start":{"line":40,"column":8},"end":{"line":40,"column":52}}},"branchMap":{"1":{"line":17,"type":"if","locations":[{"start":{"line":17,"column":56},"end":{"line":17,"column":56}},{"start":{"line":17,"column":56},"end":{"line":17,"column":56}}]},"2":{"line":22,"type":"if","locations":[{"start":{"line":22,"column":62},"end":{"line":22,"column":62}},{"start":{"line":22,"column":62},"end":{"line":22,"column":62}}]},"3":{"line":27,"type":"if","locations":[{"start":{"line":27,"column":64},"end":{"line":27,"column":64}},{"start":{"line":27,"column":64},"end":{"line":27,"column":64}}]},"4":{"line":33,"type":"if","locations":[{"start":{"line":33,"column":73},"end":{"line":33,"column":73}},{"start":{"line":33,"column":73},"end":{"line":33,"column":73}}]},"5":{"line":34,"type":"if","locations":[{"start":{"line":34,"column":8},"end":{"line":34,"column":8}},{"start":{"line":34,"column":8},"end":{"line":34,"column":8}}]},"6":{"line":36,"type":"if","locations":[{"start":{"line":36,"column":8},"end":{"line":36,"column":8}},{"start":{"line":36,"column":8},"end":{"line":36,"column":8}}]},"7":{"line":40,"type":"if","locations":[{"start":{"line":40,"column":8},"end":{"line":40,"column":8}},{"start":{"line":40,"column":8},"end":{"line":40,"column":8}}]}}},
"contracts/utils/InitLock.sol":{"l":{"10":16,"11":15,"12":15,"13":15},"path":"/Users/kasoqian/Desktop/DimensionX-3525-application/contracts/utils/InitLock.sol","s":{"1":16,"2":15},"b":{"1":[15,1]},"f":{"1":16},"fnMap":{"1":{"name":"_initLock_","line":9,"loc":{"start":{"line":9,"column":4},"end":{"line":14,"column":4}}}},"statementMap":{"1":{"start":{"line":10,"column":8},"end":{"line":10,"column":51}},"2":{"start":{"line":13,"column":8},"end":{"line":13,"column":57}}},"branchMap":{"1":{"line":10,"type":"if","locations":[{"start":{"line":10,"column":8},"end":{"line":10,"column":8}},{"start":{"line":10,"column":8},"end":{"line":10,"column":8}}]}}},
"contracts/Vault/Vault.sol":{"l":{"34":15,"35":15,"36":15,"37":15,"45":1,"46":1,"48":1,"49":1,"51":1,"52":1,"53":1,"54":1,"56":1,"58":1,"59":1,"60":1,"62":1,"63":1,"64":1,"66":1,"67":1,"68":1,"70":1,"75":1,"79":1,"81":1,"83":1,"84":2,"85":2,"86":2,"88":2,"89":2,"92":1,"96":2,"97":2,"99":2,"107":2,"111":20,"115":36,"120":2,"127":3,"131":1,"132":1,"133":1,"134":1},"path":"/Users/kasoqian/Desktop/DimensionX-3525-application/contracts/Vault/Vault.sol","s":{"1":15,"2":15,"3":1,"4":1,"5":1,"6":1,"7":1,"8":1,"9":1,"10":1,"11":1,"12":1,"13":1,"14":1,"15":1,"16":1,"17":1,"18":1,"19":1,"20":1,"21":1,"22":1,"23":2,"24":2,"25":2,"26":2,"27":1,"28":2,"29":2,"30":2,"31":20,"32":2,"33":1},"b":{"1":[1,0],"2":[1,0],"3":[1,0],"4":[1,0]},"f":{"1":15,"2":1,"3":1,"4":1,"5":2,"6":0,"7":2,"8":20,"9":36,"10":2,"11":0,"12":1},"fnMap":{"1":{"name":"_initVault","line":33,"loc":{"start":{"line":33,"column":4},"end":{"line":38,"column":4}}},"2":{"name":"userWithdrew","line":44,"loc":{"start":{"line":44,"column":4},"end":{"line":71,"column":4}}},"3":{"name":"userCouldRewardTotal","line":74,"loc":{"start":{"line":74,"column":4},"end":{"line":76,"column":4}}},"4":{"name":"_calTokensReward","line":78,"loc":{"start":{"line":78,"column":4},"end":{"line":93,"column":4}}},"5":{"name":"_calTokenReward","line":95,"loc":{"start":{"line":95,"column":4},"end":{"line":100,"column":4}}},"6":{"name":"_getRewardTokensAndShare","line":102,"loc":{"start":{"line":102,"column":4},"end":{"line":104,"column":78}}},"7":{"name":"_setHasTokenReward","line":106,"loc":{"start":{"line":106,"column":4},"end":{"line":108,"column":4}}},"8":{"name":"_getTokenHasReward","line":110,"loc":{"start":{"line":110,"column":4},"end":{"line":112,"column":4}}},"9":{"name":"_setTokenReward","line":114,"loc":{"start":{"line":114,"column":4},"end":{"line":116,"column":4}}},"10":{"name":"_contractBalance","line":119,"loc":{"start":{"line":119,"column":4},"end":{"line":121,"column":4}}},"11":{"name":null,"line":123,"loc":{"start":{"line":123,"column":4},"end":{"line":123,"column":33}}},"12":{"name":"lock","line":130,"loc":{"start":{"line":130,"column":4},"end":{"line":135,"column":4}}}},"statementMap":{"1":{"start":{"line":36,"column":8},"end":{"line":36,"column":29}},"2":{"start":{"line":37,"column":8},"end":{"line":37,"column":34}},"3":{"start":{"line":45,"column":8},"end":{"line":45,"column":33}},"4":{"start":{"line":46,"column":8},"end":{"line":46,"column":61}},"5":{"start":{"line":48,"column":8},"end":{"line":48,"column":44}},"6":{"start":{"line":49,"column":8},"end":{"line":49,"column":50}},"7":{"start":{"line":51,"column":8},"end":{"line":51,"column":100}},"8":{"start":{"line":52,"column":8},"end":{"line":52,"column":63}},"9":{"start":{"line":53,"column":8},"end":{"line":53,"column":88}},"10":{"start":{"line":54,"column":8},"end":{"line":54,"column":119}},"11":{"start":{"line":56,"column":8},"end":{"line":56,"column":56}},"12":{"start":{"line":58,"column":8},"end":{"line":58,"column":73}},"13":{"start":{"line":59,"column":8},"end":{"line":59,"column":117}},"14":{"start":{"line":60,"column":8},"end":{"line":60,"column":109}},"15":{"start":{"line":66,"column":8},"end":{"line":66,"column":80}},"16":{"start":{"line":67,"column":8},"end":{"line":67,"column":78}},"17":{"start":{"line":68,"column":8},"end":{"line":68,"column":54}},"18":{"start":{"line":70,"column":8},"end":{"line":70,"column":110}},"19":{"start":{"line":75,"column":8},"end":{"line":75,"column":39}},"20":{"start":{"line":79,"column":8},"end":{"line":79,"column":86}},"21":{"start":{"line":81,"column":8},"end":{"line":81,"column":24}},"22":{"start":{"line":83,"column":8},"end":{"line":83,"column":3012}},"23":{"start":{"line":84,"column":12},"end":{"line":84,"column":36}},"24":{"start":{"line":85,"column":12},"end":{"line":85,"column":34}},"25":{"start":{"line":86,"column":12},"end":{"line":86,"column":61}},"26":{"start":{"line":89,"column":12},"end":{"line":89,"column":50}},"27":{"start":{"line":92,"column":8},"end":{"line":92,"column":26}},"28":{"start":{"line":96,"column":8},"end":{"line":96,"column":53}},"29":{"start":{"line":97,"column":8},"end":{"line":97,"column":70}},"30":{"start":{"line":99,"column":8},"end":{"line":99,"column":38}},"31":{"start":{"line":111,"column":8},"end":{"line":111,"column":39}},"32":{"start":{"line":120,"column":8},"end":{"line":120,"column":30}},"33":{"start":{"line":131,"column":8},"end":{"line":131,"column":46}}},"branchMap":{"1":{"line":44,"type":"if","locations":[{"start":{"line":44,"column":37},"end":{"line":44,"column":37}},{"start":{"line":44,"column":37},"end":{"line":44,"column":37}}]},"2":{"line":56,"type":"if","locations":[{"start":{"line":56,"column":8},"end":{"line":56,"column":8}},{"start":{"line":56,"column":8},"end":{"line":56,"column":8}}]},"3":{"line":70,"type":"if","locations":[{"start":{"line":70,"column":8},"end":{"line":70,"column":8}},{"start":{"line":70,"column":8},"end":{"line":70,"column":8}}]},"4":{"line":131,"type":"if","locations":[{"start":{"line":131,"column":8},"end":{"line":131,"column":8}},{"start":{"line":131,"column":8},"end":{"line":131,"column":8}}]}}},
"contracts/Vault/VaultConfig.sol":{"l":{"16":16,"17":16,"21":16,"22":16,"26":1,"30":1,"34":38,"35":34},"path":"/Users/kasoqian/Desktop/DimensionX-3525-application/contracts/Vault/VaultConfig.sol","s":{"1":16,"2":16,"3":1,"4":1,"5":38},"b":{"1":[1,1],"2":[1,1],"3":[34,4]},"f":{"1":16,"2":16,"3":1,"4":1,"5":38},"fnMap":{"1":{"name":"_setManager","line":15,"loc":{"start":{"line":15,"column":4},"end":{"line":18,"column":4}}},"2":{"name":"_setManageFee","line":20,"loc":{"start":{"line":20,"column":4},"end":{"line":23,"column":4}}},"3":{"name":"changeManager","line":25,"loc":{"start":{"line":25,"column":4},"end":{"line":27,"column":4}}},"4":{"name":"changeManageFee","line":29,"loc":{"start":{"line":29,"column":4},"end":{"line":31,"column":4}}},"5":{"name":"onlyManager","line":33,"loc":{"start":{"line":33,"column":4},"end":{"line":36,"column":4}}}},"statementMap":{"1":{"start":{"line":16,"column":8},"end":{"line":16,"column":47}},"2":{"start":{"line":21,"column":8},"end":{"line":21,"column":52}},"3":{"start":{"line":26,"column":8},"end":{"line":26,"column":28}},"4":{"start":{"line":30,"column":8},"end":{"line":30,"column":32}},"5":{"start":{"line":34,"column":8},"end":{"line":34,"column":56}}},"branchMap":{"1":{"line":25,"type":"if","locations":[{"start":{"line":25,"column":54},"end":{"line":25,"column":54}},{"start":{"line":25,"column":54},"end":{"line":25,"column":54}}]},"2":{"line":29,"type":"if","locations":[{"start":{"line":29,"column":55},"end":{"line":29,"column":55}},{"start":{"line":29,"column":55},"end":{"line":29,"column":55}}]},"3":{"line":34,"type":"if","locations":[{"start":{"line":34,"column":8},"end":{"line":34,"column":8}},{"start":{"line":34,"column":8},"end":{"line":34,"column":8}}]}}}}
