TN:
SF:/Users/kasoqian/Desktop/DimensionX-3525-application-fork/contracts/Factory.sol
FN:9,newDimensionX
FNF:1
FNH:1
FNDA:2,newDimensionX
DA:17,2
DA:18,2
DA:19,2
DA:20,2
DA:21,2
LF:5
LH:5
BRF:0
BRH:0
end_of_record
TN:
SF:/Users/kasoqian/Desktop/DimensionX-3525-application-fork/contracts/Main.sol
FN:26,init
FN:34,addSlotWhite
FN:40,removeSlotWhite
FN:45,composeOrSplitToken
FN:67,_updateReward
FN:82,_getRewardTokensAndShare
FN:103,_burnSlotValue
FN:108,_afterValueTransfer
FNF:8
FNH:8
FNDA:21,init
FNDA:60,addSlotWhite
FNDA:2,removeSlotWhite
FNDA:21,composeOrSplitToken
FNDA:35,_updateReward
FNDA:16,_getRewardTokensAndShare
FNDA:11,_burnSlotValue
FNDA:64,_afterValueTransfer
DA:27,21
DA:28,21
DA:29,21
DA:30,21
DA:31,21
DA:35,60
DA:36,59
DA:37,59
DA:41,2
DA:42,1
DA:46,21
DA:48,21
DA:50,19
DA:51,19
DA:52,19
DA:54,19
DA:55,19
DA:56,19
DA:58,19
DA:62,19
DA:64,19
DA:68,35
DA:69,35
DA:70,6
DA:72,6
DA:73,6
DA:75,6
DA:76,6
DA:78,6
DA:79,6
DA:83,16
DA:85,16
DA:86,16
DA:88,16
DA:90,15
DA:91,23
DA:93,23
DA:94,23
DA:95,23
DA:97,23
DA:100,15
DA:104,11
DA:105,11
DA:116,64
DA:117,16
LF:45
LH:45
BRDA:26,1,0,21
BRDA:26,1,1,1
BRDA:34,2,0,60
BRDA:34,2,1,1
BRDA:35,3,0,59
BRDA:35,3,1,1
BRDA:40,4,0,2
BRDA:40,4,1,1
BRDA:41,5,0,1
BRDA:41,5,1,1
BRDA:48,6,0,19
BRDA:48,6,1,2
BRDA:59,7,0,8
BRDA:59,7,1,11
BRDA:69,8,0,29
BRDA:69,8,1,6
BRDA:72,9,0,6
BRDA:72,9,1,0
BRDA:88,10,0,15
BRDA:88,10,1,1
BRDA:104,11,0,11
BRDA:104,11,1,0
BRDA:116,12,0,48
BRDA:116,12,1,16
BRF:24
BRH:22
end_of_record
TN:
SF:/Users/kasoqian/Desktop/DimensionX-3525-application-fork/contracts/Platform/IPlatform.sol
FNF:0
FNH:0
LF:0
LH:0
BRF:0
BRH:0
end_of_record
TN:
SF:/Users/kasoqian/Desktop/DimensionX-3525-application-fork/contracts/Platform/Platform.sol
FN:11,constructor
FN:17,setOwner
FN:22,setReceiver
FN:27,changeManageFee
FN:33,withdrew
FN:39,onlyOwner
FNF:6
FNH:6
FNDA:69,constructor
FNDA:1,setOwner
FNDA:2,setReceiver
FNDA:1,changeManageFee
FNDA:2,withdrew
FNDA:10,onlyOwner
DA:12,69
DA:13,69
DA:14,69
DA:18,1
DA:19,1
DA:23,2
DA:24,2
DA:28,1
DA:29,1
DA:34,2
DA:35,1
DA:36,1
DA:40,10
DA:41,6
LF:14
LH:14
BRDA:17,1,0,1
BRDA:17,1,1,1
BRDA:22,2,0,2
BRDA:22,2,1,1
BRDA:27,3,0,1
BRDA:27,3,1,1
BRDA:33,4,0,2
BRDA:33,4,1,1
BRDA:34,5,0,1
BRDA:34,5,1,1
BRDA:36,6,0,1
BRDA:36,6,1,0
BRDA:40,7,0,6
BRDA:40,7,1,4
BRF:14
BRH:13
end_of_record
TN:
SF:/Users/kasoqian/Desktop/DimensionX-3525-application-fork/contracts/test/Attack.sol
FN:14,init
FN:18,attack
FN:23,
FNF:3
FNH:3
FNDA:1,init
FNDA:3,attack
FNDA:2,
DA:15,1
DA:19,3
DA:20,3
DA:25,2
DA:26,2
LF:5
LH:5
BRDA:25,1,0,2
BRDA:25,1,1,0
BRF:2
BRH:1
end_of_record
TN:
SF:/Users/kasoqian/Desktop/DimensionX-3525-application-fork/contracts/utils/InitLock.sol
FN:9,_initLock_
FNF:1
FNH:1
FNDA:22,_initLock_
DA:10,22
DA:11,21
DA:12,21
DA:13,21
LF:4
LH:4
BRDA:10,1,0,21
BRDA:10,1,1,1
BRF:2
BRH:2
end_of_record
TN:
SF:/Users/kasoqian/Desktop/DimensionX-3525-application-fork/contracts/Vault/Vault.sol
FN:33,_initVault
FN:44,userWithdrew
FN:68,userCouldRewardTotal
FN:72,_calTokensReward
FN:89,_calTokenReward
FN:97,_getRewardTokensAndShare
FN:101,_setHasTokenReward
FN:105,_getTokenHasReward
FN:109,_setTokenReward
FN:114,_contractBalance
FN:123,lock
FNF:11
FNH:10
FNDA:21,_initVault
FNDA:16,userWithdrew
FNDA:16,userCouldRewardTotal
FNDA:16,_calTokensReward
FNDA:23,_calTokenReward
FNDA:0,_getRewardTokensAndShare
FNDA:23,_setHasTokenReward
FNDA:58,_getTokenHasReward
FNDA:12,_setTokenReward
FNDA:23,_contractBalance
FNDA:18,lock
DA:34,21
DA:35,21
DA:36,21
DA:37,21
DA:45,16
DA:46,16
DA:47,15
DA:48,15
DA:49,15
DA:50,15
DA:52,14
DA:53,14
DA:54,14
DA:56,14
DA:57,14
DA:58,14
DA:60,14
DA:61,14
DA:62,14
DA:64,14
DA:69,16
DA:73,16
DA:75,15
DA:77,15
DA:78,23
DA:79,23
DA:80,23
DA:82,23
DA:83,23
DA:86,15
DA:90,23
DA:91,23
DA:93,23
DA:102,23
DA:106,58
DA:110,12
DA:115,23
DA:120,45
DA:124,18
DA:125,16
DA:126,16
DA:127,13
LF:42
LH:42
BRDA:44,1,0,16
BRDA:44,1,1,2
BRDA:50,2,0,14
BRDA:50,2,1,1
BRDA:64,3,0,13
BRDA:64,3,1,1
BRDA:124,4,0,16
BRDA:124,4,1,2
BRF:8
BRH:8
end_of_record
TN:
SF:/Users/kasoqian/Desktop/DimensionX-3525-application-fork/contracts/Vault/VaultConfig.sol
FN:15,_setManager
FN:20,_setManageFee
FN:25,changeManager
FN:29,changeManageFee
FN:33,onlyManager
FNF:5
FNH:5
FNDA:26,_setManager
FNDA:22,_setManageFee
FNDA:5,changeManager
FNDA:1,changeManageFee
FNDA:72,onlyManager
DA:16,26
DA:17,26
DA:21,22
DA:22,22
DA:26,5
DA:30,1
DA:34,72
DA:35,68
LF:8
LH:8
BRDA:25,1,0,5
BRDA:25,1,1,1
BRDA:29,2,0,1
BRDA:29,2,1,1
BRDA:34,3,0,68
BRDA:34,3,1,4
BRF:6
BRH:6
end_of_record
